<?xml version="1.0" encoding="UTF-8"?>
<testsuite name="pl.edu.mimuw.instructions.TestDeclare" tests="4" skipped="0" failures="0" errors="0" timestamp="2023-06-14T20:10:38" hostname="MacBook-Pro-Ometek.local" time="0.003">
  <properties/>
  <testcase name="[1] 5" classname="pl.edu.mimuw.instructions.TestDeclare" time="0.001"/>
  <testcase name="[2] (5 + 11)" classname="pl.edu.mimuw.instructions.TestDeclare" time="0.0"/>
  <testcase name="[3] (5 • 69)" classname="pl.edu.mimuw.instructions.TestDeclare" time="0.0"/>
  <testcase name="[4] (2137 ÷ 420)" classname="pl.edu.mimuw.instructions.TestDeclare" time="0.001"/>
  <system-out><![CDATA[]]></system-out>
  <system-err><![CDATA[]]></system-err>
</testsuite>
